C:\USERS\CHORO\ONEDRIVE\DOCUMENTS\VISUAL STUDIO 2010\PROJECTS\SPEECHPLAYLIST\DEBUG\SPEECHPLAYLIST.EXE
C:\USERS\CHORO\ONEDRIVE\DOCUMENTS\VISUAL STUDIO 2010\PROJECTS\SPEECHPLAYLIST\DEBUG\SPEECHPLAYLIST.ILK
C:\USERS\CHORO\ONEDRIVE\DOCUMENTS\VISUAL STUDIO 2010\PROJECTS\SPEECHPLAYLIST\DEBUG\SPEECHPLAYLIST.PDB
C:\USERS\CHORO\ONEDRIVE\DOCUMENTS\VISUAL STUDIO 2010\PROJECTS\SPEECHPLAYLIST\SPEECHPLAYLIST\DEBUG\.NETFRAMEWORK,VERSION=V4.0.ASSEMBLYATTRIBUTES.OBJ
C:\Users\choro\OneDrive\Documents\Visual Studio 2010\Projects\SpeechPlaylist\SpeechPlaylist\Debug\cl.command.1.tlog
C:\Users\choro\OneDrive\Documents\Visual Studio 2010\Projects\SpeechPlaylist\SpeechPlaylist\Debug\CL.read.1.tlog
C:\Users\choro\OneDrive\Documents\Visual Studio 2010\Projects\SpeechPlaylist\SpeechPlaylist\Debug\CL.write.1.tlog
C:\USERS\CHORO\ONEDRIVE\DOCUMENTS\VISUAL STUDIO 2010\PROJECTS\SPEECHPLAYLIST\SPEECHPLAYLIST\DEBUG\INFO.OBJ
C:\Users\choro\OneDrive\Documents\Visual Studio 2010\Projects\SpeechPlaylist\SpeechPlaylist\Debug\link.10076.read.1.tlog
C:\Users\choro\OneDrive\Documents\Visual Studio 2010\Projects\SpeechPlaylist\SpeechPlaylist\Debug\link.10076.write.1.tlog
C:\Users\choro\OneDrive\Documents\Visual Studio 2010\Projects\SpeechPlaylist\SpeechPlaylist\Debug\link.11176.read.1.tlog
C:\Users\choro\OneDrive\Documents\Visual Studio 2010\Projects\SpeechPlaylist\SpeechPlaylist\Debug\link.11176.write.1.tlog
C:\Users\choro\OneDrive\Documents\Visual Studio 2010\Projects\SpeechPlaylist\SpeechPlaylist\Debug\link.12192.read.1.tlog
C:\Users\choro\OneDrive\Documents\Visual Studio 2010\Projects\SpeechPlaylist\SpeechPlaylist\Debug\link.12192.write.1.tlog
C:\Users\choro\OneDrive\Documents\Visual Studio 2010\Projects\SpeechPlaylist\SpeechPlaylist\Debug\link.12324.read.1.tlog
C:\Users\choro\OneDrive\Documents\Visual Studio 2010\Projects\SpeechPlaylist\SpeechPlaylist\Debug\link.12324.write.1.tlog
C:\Users\choro\OneDrive\Documents\Visual Studio 2010\Projects\SpeechPlaylist\SpeechPlaylist\Debug\link.12388.read.1.tlog
C:\Users\choro\OneDrive\Documents\Visual Studio 2010\Projects\SpeechPlaylist\SpeechPlaylist\Debug\link.12388.write.1.tlog
C:\Users\choro\OneDrive\Documents\Visual Studio 2010\Projects\SpeechPlaylist\SpeechPlaylist\Debug\link.12784.read.1.tlog
C:\Users\choro\OneDrive\Documents\Visual Studio 2010\Projects\SpeechPlaylist\SpeechPlaylist\Debug\link.12784.write.1.tlog
C:\Users\choro\OneDrive\Documents\Visual Studio 2010\Projects\SpeechPlaylist\SpeechPlaylist\Debug\link.14180.read.1.tlog
C:\Users\choro\OneDrive\Documents\Visual Studio 2010\Projects\SpeechPlaylist\SpeechPlaylist\Debug\link.14180.write.1.tlog
C:\Users\choro\OneDrive\Documents\Visual Studio 2010\Projects\SpeechPlaylist\SpeechPlaylist\Debug\link.14672.read.1.tlog
C:\Users\choro\OneDrive\Documents\Visual Studio 2010\Projects\SpeechPlaylist\SpeechPlaylist\Debug\link.14672.write.1.tlog
C:\Users\choro\OneDrive\Documents\Visual Studio 2010\Projects\SpeechPlaylist\SpeechPlaylist\Debug\link.14880.read.1.tlog
C:\Users\choro\OneDrive\Documents\Visual Studio 2010\Projects\SpeechPlaylist\SpeechPlaylist\Debug\link.14880.write.1.tlog
C:\Users\choro\OneDrive\Documents\Visual Studio 2010\Projects\SpeechPlaylist\SpeechPlaylist\Debug\link.14944.read.1.tlog
C:\Users\choro\OneDrive\Documents\Visual Studio 2010\Projects\SpeechPlaylist\SpeechPlaylist\Debug\link.14944.write.1.tlog
C:\Users\choro\OneDrive\Documents\Visual Studio 2010\Projects\SpeechPlaylist\SpeechPlaylist\Debug\link.15276.read.1.tlog
C:\Users\choro\OneDrive\Documents\Visual Studio 2010\Projects\SpeechPlaylist\SpeechPlaylist\Debug\link.15276.write.1.tlog
C:\Users\choro\OneDrive\Documents\Visual Studio 2010\Projects\SpeechPlaylist\SpeechPlaylist\Debug\link.18116.read.1.tlog
C:\Users\choro\OneDrive\Documents\Visual Studio 2010\Projects\SpeechPlaylist\SpeechPlaylist\Debug\link.18116.write.1.tlog
C:\Users\choro\OneDrive\Documents\Visual Studio 2010\Projects\SpeechPlaylist\SpeechPlaylist\Debug\link.18392.read.1.tlog
C:\Users\choro\OneDrive\Documents\Visual Studio 2010\Projects\SpeechPlaylist\SpeechPlaylist\Debug\link.18392.write.1.tlog
C:\Users\choro\OneDrive\Documents\Visual Studio 2010\Projects\SpeechPlaylist\SpeechPlaylist\Debug\link.2348.read.1.tlog
C:\Users\choro\OneDrive\Documents\Visual Studio 2010\Projects\SpeechPlaylist\SpeechPlaylist\Debug\link.2348.write.1.tlog
C:\Users\choro\OneDrive\Documents\Visual Studio 2010\Projects\SpeechPlaylist\SpeechPlaylist\Debug\link.6068.read.1.tlog
C:\Users\choro\OneDrive\Documents\Visual Studio 2010\Projects\SpeechPlaylist\SpeechPlaylist\Debug\link.6068.write.1.tlog
C:\Users\choro\OneDrive\Documents\Visual Studio 2010\Projects\SpeechPlaylist\SpeechPlaylist\Debug\link.6308.read.1.tlog
C:\Users\choro\OneDrive\Documents\Visual Studio 2010\Projects\SpeechPlaylist\SpeechPlaylist\Debug\link.6308.write.1.tlog
C:\Users\choro\OneDrive\Documents\Visual Studio 2010\Projects\SpeechPlaylist\SpeechPlaylist\Debug\link.6448.read.1.tlog
C:\Users\choro\OneDrive\Documents\Visual Studio 2010\Projects\SpeechPlaylist\SpeechPlaylist\Debug\link.6448.write.1.tlog
C:\Users\choro\OneDrive\Documents\Visual Studio 2010\Projects\SpeechPlaylist\SpeechPlaylist\Debug\link.7860.read.1.tlog
C:\Users\choro\OneDrive\Documents\Visual Studio 2010\Projects\SpeechPlaylist\SpeechPlaylist\Debug\link.7860.write.1.tlog
C:\Users\choro\OneDrive\Documents\Visual Studio 2010\Projects\SpeechPlaylist\SpeechPlaylist\Debug\link.8724.read.1.tlog
C:\Users\choro\OneDrive\Documents\Visual Studio 2010\Projects\SpeechPlaylist\SpeechPlaylist\Debug\link.8724.write.1.tlog
C:\Users\choro\OneDrive\Documents\Visual Studio 2010\Projects\SpeechPlaylist\SpeechPlaylist\Debug\link.8856.read.1.tlog
C:\Users\choro\OneDrive\Documents\Visual Studio 2010\Projects\SpeechPlaylist\SpeechPlaylist\Debug\link.8856.write.1.tlog
C:\Users\choro\OneDrive\Documents\Visual Studio 2010\Projects\SpeechPlaylist\SpeechPlaylist\Debug\link.8900.read.1.tlog
C:\Users\choro\OneDrive\Documents\Visual Studio 2010\Projects\SpeechPlaylist\SpeechPlaylist\Debug\link.8900.write.1.tlog
C:\Users\choro\OneDrive\Documents\Visual Studio 2010\Projects\SpeechPlaylist\SpeechPlaylist\Debug\link.9028.read.1.tlog
C:\Users\choro\OneDrive\Documents\Visual Studio 2010\Projects\SpeechPlaylist\SpeechPlaylist\Debug\link.9028.write.1.tlog
C:\Users\choro\OneDrive\Documents\Visual Studio 2010\Projects\SpeechPlaylist\SpeechPlaylist\Debug\link.9484.read.1.tlog
C:\Users\choro\OneDrive\Documents\Visual Studio 2010\Projects\SpeechPlaylist\SpeechPlaylist\Debug\link.9484.write.1.tlog
C:\Users\choro\OneDrive\Documents\Visual Studio 2010\Projects\SpeechPlaylist\SpeechPlaylist\Debug\link.command.1.tlog
C:\Users\choro\OneDrive\Documents\Visual Studio 2010\Projects\SpeechPlaylist\SpeechPlaylist\Debug\link.read.1.tlog
C:\Users\choro\OneDrive\Documents\Visual Studio 2010\Projects\SpeechPlaylist\SpeechPlaylist\Debug\link.write.1.tlog
C:\Users\choro\OneDrive\Documents\Visual Studio 2010\Projects\SpeechPlaylist\SpeechPlaylist\Debug\metagen.read.1.tlog
C:\Users\choro\OneDrive\Documents\Visual Studio 2010\Projects\SpeechPlaylist\SpeechPlaylist\Debug\metagen.write.1.tlog
C:\Users\choro\OneDrive\Documents\Visual Studio 2010\Projects\SpeechPlaylist\SpeechPlaylist\Debug\mt.command.1.tlog
C:\Users\choro\OneDrive\Documents\Visual Studio 2010\Projects\SpeechPlaylist\SpeechPlaylist\Debug\mt.read.1.tlog
C:\Users\choro\OneDrive\Documents\Visual Studio 2010\Projects\SpeechPlaylist\SpeechPlaylist\Debug\mt.write.1.tlog
C:\USERS\CHORO\ONEDRIVE\DOCUMENTS\VISUAL STUDIO 2010\PROJECTS\SPEECHPLAYLIST\SPEECHPLAYLIST\DEBUG\MYFORM1.OBJ
C:\USERS\CHORO\ONEDRIVE\DOCUMENTS\VISUAL STUDIO 2010\PROJECTS\SPEECHPLAYLIST\SPEECHPLAYLIST\DEBUG\SPEECHPLAYLIST.EXE.INTERMEDIATE.MANIFEST
C:\Users\choro\OneDrive\Documents\Visual Studio 2010\Projects\SpeechPlaylist\SpeechPlaylist\Debug\SpeechPlaylist.guiapp.resources
C:\Users\choro\OneDrive\Documents\Visual Studio 2010\Projects\SpeechPlaylist\SpeechPlaylist\Debug\SpeechPlaylist.Myform1.resources
C:\USERS\CHORO\ONEDRIVE\DOCUMENTS\VISUAL STUDIO 2010\PROJECTS\SPEECHPLAYLIST\SPEECHPLAYLIST\DEBUG\SPEECHPLAYLIST.OBJ
C:\USERS\CHORO\ONEDRIVE\DOCUMENTS\VISUAL STUDIO 2010\PROJECTS\SPEECHPLAYLIST\SPEECHPLAYLIST\DEBUG\SPEECHPLAYLIST.PCH
C:\Users\choro\OneDrive\Documents\Visual Studio 2010\Projects\SpeechPlaylist\SpeechPlaylist\Debug\SpeechPlaylist.vcxproj.GenerateResource.Cache
C:\Users\choro\OneDrive\Documents\Visual Studio 2010\Projects\SpeechPlaylist\SpeechPlaylist\Debug\SpeechPlaylist.vcxprojResolveAssemblyReference.cache
C:\Users\choro\OneDrive\Documents\Visual Studio 2010\Projects\SpeechPlaylist\SpeechPlaylist\Debug\SpeechPlaylist.write.1.tlog
C:\USERS\CHORO\ONEDRIVE\DOCUMENTS\VISUAL STUDIO 2010\PROJECTS\SPEECHPLAYLIST\SPEECHPLAYLIST\DEBUG\STDAFX.OBJ
C:\USERS\CHORO\ONEDRIVE\DOCUMENTS\VISUAL STUDIO 2010\PROJECTS\SPEECHPLAYLIST\SPEECHPLAYLIST\DEBUG\VC100.PDB
