Build started 18-11-2021 19:31:42.
     1>Project "C:\Users\choro\OneDrive\Desktop\23_Project\23_code\SpeechPlaylist\SpeechPlaylist\SpeechPlaylist.vcxproj" on node 2 (build target(s)).
     1>InitializeBuildStatus:
         Creating "Debug\SpeechPlaylist.unsuccessfulbuild" because "AlwaysCreate" was specified.
       GenerateTargetFrameworkMonikerAttribute:
       Skipping target "GenerateTargetFrameworkMonikerAttribute" because all output files are up-to-date with respect to the input files.
       ClCompile:
         C:\Program Files (x86)\Microsoft Visual Studio 10.0\VC\bin\CL.exe /c /AI"C:\Program Files (x86)\Reference Assemblies\Microsoft\Framework\.NETFramework\v4.0" /Zi /clr /nologo /W3 /WX- /Od /Oy- /D WIN32 /D _DEBUG /D _CONSOLE /D _MBCS /EHa /MDd /GS /fp:precise /Zc:wchar_t /Zc:forScope /Yc"StdAfx.h" /Fp"Debug\SpeechPlaylist.pch" /Fo"Debug\\" /Fd"Debug\vc100.pdb" /TP /FU"C:\Program Files (x86)\Reference Assemblies\Microsoft\Framework\.NETFramework\v4.0\System.Core.dll" /FU"C:\Program Files (x86)\Reference Assemblies\Microsoft\Framework\.NETFramework\v4.0\System.Data.dll" /FU"C:\Program Files (x86)\Reference Assemblies\Microsoft\Framework\.NETFramework\v4.0\System.dll" /FU"C:\Program Files (x86)\Reference Assemblies\Microsoft\Framework\.NETFramework\v4.0\System.Drawing.dll" /FU"C:\Program Files (x86)\Reference Assemblies\Microsoft\Framework\.NETFramework\v4.0\System.Windows.Forms.dll" /FU"C:\Program Files (x86)\Reference Assemblies\Microsoft\Framework\.NETFramework\v4.0\System.Xml.dll" /analyze- /errorReport:prompt stdafx.cpp /clr:nostdlib 
         stdafx.cpp
         C:\Program Files (x86)\Microsoft Visual Studio 10.0\VC\bin\CL.exe /c /AI"C:\Program Files (x86)\Reference Assemblies\Microsoft\Framework\.NETFramework\v4.0" /Zi /clr /nologo /W3 /WX- /Od /Oy- /D WIN32 /D _DEBUG /D _CONSOLE /D _MBCS /EHa /MDd /GS /fp:precise /Zc:wchar_t /Zc:forScope /Yu"StdAfx.h" /Fp"Debug\SpeechPlaylist.pch" /Fo"Debug\\" /Fd"Debug\vc100.pdb" /TP /FU"C:\Program Files (x86)\Reference Assemblies\Microsoft\Framework\.NETFramework\v4.0\System.Core.dll" /FU"C:\Program Files (x86)\Reference Assemblies\Microsoft\Framework\.NETFramework\v4.0\System.Data.dll" /FU"C:\Program Files (x86)\Reference Assemblies\Microsoft\Framework\.NETFramework\v4.0\System.dll" /FU"C:\Program Files (x86)\Reference Assemblies\Microsoft\Framework\.NETFramework\v4.0\System.Drawing.dll" /FU"C:\Program Files (x86)\Reference Assemblies\Microsoft\Framework\.NETFramework\v4.0\System.Windows.Forms.dll" /FU"C:\Program Files (x86)\Reference Assemblies\Microsoft\Framework\.NETFramework\v4.0\System.Xml.dll" /analyze- /errorReport:prompt info.cpp Myform1.cpp SpeechPlaylist.cpp /clr:nostdlib 
         info.cpp
         Myform1.cpp
         SpeechPlaylist.cpp
     1>c:\users\choro\onedrive\desktop\23_project\23_code\speechplaylist\speechplaylist\testhmm.h(141): warning C4244: 'initializing' : conversion from 'long double' to 'int', possible loss of data
     1>c:\users\choro\onedrive\desktop\23_project\23_code\speechplaylist\speechplaylist\testhmm.h(150): warning C4244: '=' : conversion from 'long double' to 'int', possible loss of data
     1>c:\users\choro\onedrive\desktop\23_project\23_code\speechplaylist\speechplaylist\testhmm.h(158): warning C4101: 'val' : unreferenced local variable
     1>c:\users\choro\onedrive\desktop\23_project\23_code\speechplaylist\speechplaylist\obs.h(123): warning C4244: 'initializing' : conversion from 'long double' to 'int', possible loss of data
     1>c:\users\choro\onedrive\desktop\23_project\23_code\speechplaylist\speechplaylist\obs.h(132): warning C4244: '=' : conversion from 'long double' to 'int', possible loss of data
     1>c:\users\choro\onedrive\desktop\23_project\23_code\speechplaylist\speechplaylist\obs.h(147): warning C4101: 'val' : unreferenced local variable
     1>c:\users\choro\onedrive\desktop\23_project\23_code\speechplaylist\speechplaylist\obs.h(462): warning C4101: 'k' : unreferenced local variable
     1>c:\users\choro\onedrive\desktop\23_project\23_code\speechplaylist\speechplaylist\HMM.h(152): warning C4101: 'j' : unreferenced local variable
     1>c:\users\choro\onedrive\desktop\23_project\23_code\speechplaylist\speechplaylist\HMM.h(575): warning C4101: 't' : unreferenced local variable
     1>c:\users\choro\onedrive\desktop\23_project\23_code\speechplaylist\speechplaylist\HMM.h(903): warning C4101: 'l' : unreferenced local variable
         Generating Code...
         All outputs are up-to-date.
       CoreResGen:
         No resources are out of date with respect to their source files. Skipping resource generation.
       Link:
         C:\Program Files (x86)\Microsoft Visual Studio 10.0\VC\bin\link.exe /ERRORREPORT:PROMPT /OUT:"C:\Users\choro\OneDrive\Desktop\23_Project\23_code\SpeechPlaylist\Debug\SpeechPlaylist.exe" /INCREMENTAL /NOLOGO Winmm.lib kernel32.lib user32.lib gdi32.lib winspool.lib comdlg32.lib advapi32.lib shell32.lib ole32.lib oleaut32.lib uuid.lib odbc32.lib odbccp32.lib /ASSEMBLYRESOURCE:Debug\SpeechPlaylist.guiapp.resources /ASSEMBLYRESOURCE:Debug\SpeechPlaylist.Myform1.resources /MANIFEST /ManifestFile:"Debug\SpeechPlaylist.exe.intermediate.manifest" /MANIFESTUAC:"level='asInvoker' uiAccess='false'" /DEBUG /PDB:"C:\Users\choro\OneDrive\Desktop\23_Project\23_code\SpeechPlaylist\Debug\SpeechPlaylist.pdb" /ASSEMBLYDEBUG /SUBSYSTEM:WINDOWS /TLBID:1 /ENTRY:"main" /DYNAMICBASE /FIXED:NO /NXCOMPAT /MACHINE:X86 Debug\info.obj
         Debug\Myform1.obj
         Debug\SpeechPlaylist.obj
         Debug\stdafx.obj
         "Debug\.NETFramework,Version=v4.0.AssemblyAttributes.obj"
         SpeechPlaylist.vcxproj -> C:\Users\choro\OneDrive\Desktop\23_Project\23_code\SpeechPlaylist\Debug\SpeechPlaylist.exe
       Manifest:
         C:\Program Files (x86)\Microsoft SDKs\Windows\v7.0A\bin\mt.exe /nologo /verbose /outputresource:"C:\Users\choro\OneDrive\Desktop\23_Project\23_code\SpeechPlaylist\Debug\SpeechPlaylist.exe;#1" /manifest Debug\SpeechPlaylist.exe.intermediate.manifest
       FinalizeBuildStatus:
         Deleting file "Debug\SpeechPlaylist.unsuccessfulbuild".
         Touching "Debug\SpeechPlaylist.lastbuildstate".
     1>Done Building Project "C:\Users\choro\OneDrive\Desktop\23_Project\23_code\SpeechPlaylist\SpeechPlaylist\SpeechPlaylist.vcxproj" (build target(s)).

Build succeeded.

Time Elapsed 00:00:02.58
